<?xml version="1.0" encoding="UTF-8"?>
<!-- Generated by org.testng.reporters.JUnitXMLReporter -->
<testsuite ignored="0" hostname="DESKTOP-MM35KQF" failures="1" tests="1" name="Test" time="0.061" errors="0" timestamp="2024-05-12T15:35:12 IST">
  <testcase classname="ewf_TestCases.TC_01_LoginPage" name="loginScreen" time="0.014">
    <failure type="java.lang.NullPointerException" message="Cannot invoke &amp;quot;org.openqa.selenium.WebDriver.findElement(org.openqa.selenium.By)&amp;quot; because &amp;quot;base.BaseClass.driver&amp;quot; is null">
      <![CDATA[java.lang.NullPointerException: Cannot invoke "org.openqa.selenium.WebDriver.findElement(org.openqa.selenium.By)" because "base.BaseClass.driver" is null
at base.BaseClass.findElementByxpath(BaseClass.java:123)
at eFW_Pages.HomePage.clickProfileIcon(HomePage.java:28)
at ewf_TestCases.TC_01_LoginPage.loginScreen(TC_01_LoginPage.java:14)
at java.base/java.util.ArrayList.forEach(ArrayList.java:1596)
... Removed 25 stack frames]]>
    </failure>
  </testcase> <!-- loginScreen -->
</testsuite> <!-- Test -->
